<?xml version="1.0" encoding="UTF-8"?>
<!-- Generated by org.testng.reporters.JUnitReportReporter -->
<testsuite hostname="anjanap" failures="0" tests="2" name="SchemaTestImpl" time="0.006" errors="0" timestamp="15 Dec 2020 08:28:52 GMT">
  <testcase classname="SchemaTestImpl" name="test2" time="0.000"/>
  <testcase classname="SchemaTestImpl" name="test" time="0.006"/>
</testsuite> <!-- SchemaTestImpl -->
